app/build/intermediates/manifest_merge_blame_file/debug/processDebugMainManifest/manifest-merger-blame-debug-report.txt
1<?xml version="1.0" encoding="utf-8"?>
2<manifest xmlns:android="http://schemas.android.com/apk/res/android"
3    package="com.mecanotun.mobile"
4    android:versionCode="1"
5    android:versionName="1.0" >
6
7    <uses-sdk
8        android:minSdkVersion="24"
9        android:targetSdkVersion="34" />
10
11    <uses-permission android:name="android.permission.INTERNET" />
11-->src\main\AndroidManifest.xml:5:5-67
11-->src\main\AndroidManifest.xml:5:22-64
12
13    <permission
13-->[androidx.core:core:1.9.0] AndroidManifest.xml:22:5-24:47
14        android:name="com.mecanotun.mobile.DYNAMIC_RECEIVER_NOT_EXPORTED_PERMISSION"
14-->[androidx.core:core:1.9.0] AndroidManifest.xml:23:9-81
15        android:protectionLevel="signature" />
15-->[androidx.core:core:1.9.0] AndroidManifest.xml:24:9-44
16
17    <uses-permission android:name="com.mecanotun.mobile.DYNAMIC_RECEIVER_NOT_EXPORTED_PERMISSION" />
17-->[androidx.core:core:1.9.0] AndroidManifest.xml:26:5-97
17-->[androidx.core:core:1.9.0] AndroidManifest.xml:26:22-94
18
19    <application
19-->src\main\AndroidManifest.xml:7:5-69:19
20        android:allowBackup="true"
20-->src\main\AndroidManifest.xml:8:9-35
21        android:appComponentFactory="androidx.core.app.CoreComponentFactory"
21-->[androidx.core:core:1.9.0] AndroidManifest.xml:28:18-86
22        android:debuggable="true"
23        android:extractNativeLibs="false"
24        android:icon="@mipmap/ic_launcher"
24-->src\main\AndroidManifest.xml:9:9-43
25        android:label="@string/app_name"
25-->src\main\AndroidManifest.xml:10:9-41
26        android:roundIcon="@mipmap/ic_launcher_round"
26-->src\main\AndroidManifest.xml:11:9-54
27        android:supportsRtl="true"
27-->src\main\AndroidManifest.xml:12:9-35
28        android:testOnly="true"
29        android:theme="@style/Theme.MecanoTunMobile"
29-->src\main\AndroidManifest.xml:13:9-53
30        android:usesCleartextTraffic="true" >
30-->src\main\AndroidManifest.xml:14:9-44
31        <activity
31-->src\main\AndroidManifest.xml:17:9-25:20
32            android:name="com.mecanotun.mobile.MainActivity"
32-->src\main\AndroidManifest.xml:18:13-41
33            android:exported="true"
33-->src\main\AndroidManifest.xml:19:13-36
34            android:theme="@style/Theme.MecanoTunMobile.NoActionBar" >
34-->src\main\AndroidManifest.xml:20:13-69
35            <intent-filter>
35-->src\main\AndroidManifest.xml:21:13-24:29
36                <action android:name="android.intent.action.MAIN" />
36-->src\main\AndroidManifest.xml:22:17-69
36-->src\main\AndroidManifest.xml:22:25-66
37
38                <category android:name="android.intent.category.LAUNCHER" />
38-->src\main\AndroidManifest.xml:23:17-77
38-->src\main\AndroidManifest.xml:23:27-74
39            </intent-filter>
40        </activity>
41        <activity
41-->src\main\AndroidManifest.xml:27:9-29:40
42            android:name="com.mecanotun.mobile.LoginActivity"
42-->src\main\AndroidManifest.xml:28:13-42
43            android:exported="false" />
43-->src\main\AndroidManifest.xml:29:13-37
44        <activity
44-->src\main\AndroidManifest.xml:31:9-33:40
45            android:name="com.mecanotun.mobile.SignUpActivity"
45-->src\main\AndroidManifest.xml:32:13-43
46            android:exported="false" />
46-->src\main\AndroidManifest.xml:33:13-37
47        <activity
47-->src\main\AndroidManifest.xml:35:9-37:40
48            android:name="com.mecanotun.mobile.HomeActivity"
48-->src\main\AndroidManifest.xml:36:13-41
49            android:exported="false" />
49-->src\main\AndroidManifest.xml:37:13-37
50        <activity
50-->src\main\AndroidManifest.xml:39:9-42:58
51            android:name="com.mecanotun.mobile.VehiclesActivity"
51-->src\main\AndroidManifest.xml:40:13-45
52            android:exported="false"
52-->src\main\AndroidManifest.xml:41:13-37
53            android:parentActivityName="com.mecanotun.mobile.HomeActivity" />
53-->src\main\AndroidManifest.xml:42:13-55
54        <activity
54-->src\main\AndroidManifest.xml:44:9-47:58
55            android:name="com.mecanotun.mobile.ServicesActivity"
55-->src\main\AndroidManifest.xml:45:13-45
56            android:exported="false"
56-->src\main\AndroidManifest.xml:46:13-37
57            android:parentActivityName="com.mecanotun.mobile.HomeActivity" />
57-->src\main\AndroidManifest.xml:47:13-55
58        <activity
58-->src\main\AndroidManifest.xml:49:9-52:62
59            android:name="com.mecanotun.mobile.BookAppointmentActivity"
59-->src\main\AndroidManifest.xml:50:13-52
60            android:exported="false"
60-->src\main\AndroidManifest.xml:51:13-37
61            android:parentActivityName="com.mecanotun.mobile.ServicesActivity" />
61-->src\main\AndroidManifest.xml:52:13-59
62        <activity
62-->src\main\AndroidManifest.xml:54:9-57:58
63            android:name="com.mecanotun.mobile.AppointmentsActivity"
63-->src\main\AndroidManifest.xml:55:13-49
64            android:exported="false"
64-->src\main\AndroidManifest.xml:56:13-37
65            android:parentActivityName="com.mecanotun.mobile.HomeActivity" />
65-->src\main\AndroidManifest.xml:57:13-55
66        <activity
66-->src\main\AndroidManifest.xml:59:9-62:58
67            android:name="com.mecanotun.mobile.ProfileActivity"
67-->src\main\AndroidManifest.xml:60:13-44
68            android:exported="false"
68-->src\main\AndroidManifest.xml:61:13-37
69            android:parentActivityName="com.mecanotun.mobile.HomeActivity" />
69-->src\main\AndroidManifest.xml:62:13-55
70        <activity
70-->src\main\AndroidManifest.xml:64:9-67:69
71            android:name="com.mecanotun.mobile.TimeSlotSelectionActivity"
71-->src\main\AndroidManifest.xml:65:13-54
72            android:exported="false"
72-->src\main\AndroidManifest.xml:66:13-37
73            android:parentActivityName="com.mecanotun.mobile.BookAppointmentActivity" />
73-->src\main\AndroidManifest.xml:67:13-66
74
75        <provider
75-->[androidx.emoji2:emoji2:1.2.0] AndroidManifest.xml:24:9-32:20
76            android:name="androidx.startup.InitializationProvider"
76-->[androidx.emoji2:emoji2:1.2.0] AndroidManifest.xml:25:13-67
77            android:authorities="com.mecanotun.mobile.androidx-startup"
77-->[androidx.emoji2:emoji2:1.2.0] AndroidManifest.xml:26:13-68
78            android:exported="false" >
78-->[androidx.emoji2:emoji2:1.2.0] AndroidManifest.xml:27:13-37
79            <meta-data
79-->[androidx.emoji2:emoji2:1.2.0] AndroidManifest.xml:29:13-31:52
80                android:name="androidx.emoji2.text.EmojiCompatInitializer"
80-->[androidx.emoji2:emoji2:1.2.0] AndroidManifest.xml:30:17-75
81                android:value="androidx.startup" />
81-->[androidx.emoji2:emoji2:1.2.0] AndroidManifest.xml:31:17-49
82            <meta-data
82-->[androidx.lifecycle:lifecycle-process:2.6.2] AndroidManifest.xml:29:13-31:52
83                android:name="androidx.lifecycle.ProcessLifecycleInitializer"
83-->[androidx.lifecycle:lifecycle-process:2.6.2] AndroidManifest.xml:30:17-78
84                android:value="androidx.startup" />
84-->[androidx.lifecycle:lifecycle-process:2.6.2] AndroidManifest.xml:31:17-49
85            <meta-data
85-->[androidx.profileinstaller:profileinstaller:1.3.0] AndroidManifest.xml:29:13-31:52
86                android:name="androidx.profileinstaller.ProfileInstallerInitializer"
86-->[androidx.profileinstaller:profileinstaller:1.3.0] AndroidManifest.xml:30:17-85
87                android:value="androidx.startup" />
87-->[androidx.profileinstaller:profileinstaller:1.3.0] AndroidManifest.xml:31:17-49
88        </provider>
89
90        <receiver
90-->[androidx.profileinstaller:profileinstaller:1.3.0] AndroidManifest.xml:34:9-52:20
91            android:name="androidx.profileinstaller.ProfileInstallReceiver"
91-->[androidx.profileinstaller:profileinstaller:1.3.0] AndroidManifest.xml:35:13-76
92            android:directBootAware="false"
92-->[androidx.profileinstaller:profileinstaller:1.3.0] AndroidManifest.xml:36:13-44
93            android:enabled="true"
93-->[androidx.profileinstaller:profileinstaller:1.3.0] AndroidManifest.xml:37:13-35
94            android:exported="true"
94-->[androidx.profileinstaller:profileinstaller:1.3.0] AndroidManifest.xml:38:13-36
95            android:permission="android.permission.DUMP" >
95-->[androidx.profileinstaller:profileinstaller:1.3.0] AndroidManifest.xml:39:13-57
96            <intent-filter>
96-->[androidx.profileinstaller:profileinstaller:1.3.0] AndroidManifest.xml:40:13-42:29
97                <action android:name="androidx.profileinstaller.action.INSTALL_PROFILE" />
97-->[androidx.profileinstaller:profileinstaller:1.3.0] AndroidManifest.xml:41:17-91
97-->[androidx.profileinstaller:profileinstaller:1.3.0] AndroidManifest.xml:41:25-88
98            </intent-filter>
99            <intent-filter>
99-->[androidx.profileinstaller:profileinstaller:1.3.0] AndroidManifest.xml:43:13-45:29
100                <action android:name="androidx.profileinstaller.action.SKIP_FILE" />
100-->[androidx.profileinstaller:profileinstaller:1.3.0] AndroidManifest.xml:44:17-85
100-->[androidx.profileinstaller:profileinstaller:1.3.0] AndroidManifest.xml:44:25-82
101            </intent-filter>
102            <intent-filter>
102-->[androidx.profileinstaller:profileinstaller:1.3.0] AndroidManifest.xml:46:13-48:29
103                <action android:name="androidx.profileinstaller.action.SAVE_PROFILE" />
103-->[androidx.profileinstaller:profileinstaller:1.3.0] AndroidManifest.xml:47:17-88
103-->[androidx.profileinstaller:profileinstaller:1.3.0] AndroidManifest.xml:47:25-85
104            </intent-filter>
105            <intent-filter>
105-->[androidx.profileinstaller:profileinstaller:1.3.0] AndroidManifest.xml:49:13-51:29
106                <action android:name="androidx.profileinstaller.action.BENCHMARK_OPERATION" />
106-->[androidx.profileinstaller:profileinstaller:1.3.0] AndroidManifest.xml:50:17-95
106-->[androidx.profileinstaller:profileinstaller:1.3.0] AndroidManifest.xml:50:25-92
107            </intent-filter>
108        </receiver>
109    </application>
110
111</manifest>